2019-05-02-main-INFO -root      :Enquiry details inserted in table with id 1001
2019-05-02-main-ERROR-root      :Problem in serching enquiry details
Invalid column index
2019-05-02-main-ERROR-root      :Problem in searching enquiry details /nProblem in searching enquiry details

2019-05-02-main-INFO -root      :Invalid choice
2019-05-02-main-ERROR-root      :First name is not correct
2019-05-02-main-ERROR-root      :Invalid dataPlease enter a correct first name
First name should start with capital letter and it should be of 3-15 letters
2019-05-02-main-ERROR-root      :First name is not correct
2019-05-02-main-ERROR-root      :Invalid dataPlease enter a correct first name
First name should start with capital letter and it should be of 3-15 letters
2019-05-02-main-ERROR-root      :Problem in serching enquiry details
ORA-01722: invalid number

2019-05-02-main-ERROR-root      :Problem in searching enquiry details /nProblem in searching enquiry details

2019-05-02-main-ERROR-root      :Last name is not correct
2019-05-02-main-ERROR-root      :Invalid dataPlease enter a correct last name
Last name should start with capital letter and it should be of 3-15 letters
2019-05-02-main-ERROR-root      :Last name is not correct
2019-05-02-main-ERROR-root      :Invalid dataPlease enter a correct last name
Last name should start with capital letter and it should be of 3-15 letters
2019-05-02-main-ERROR-root      :First name is not correct
2019-05-02-main-ERROR-root      :Invalid dataPlease enter a correct first name
First name should start with capital letter and it should be of 3-15 letters
2019-05-02-main-ERROR-root      :Contact number is not correct
2019-05-02-main-ERROR-root      :Invalid dataPlease enter a correct contact number!!!
 Contact number should be of 10 digits and it should start from 6 onwards
2019-05-02-main-ERROR-root      :Domain is not correct
2019-05-02-main-ERROR-root      :Invalid dataPlease enter a correct first name
Domain name should start with capital letter and it should be of 2-15 letters
2019-05-02-main-ERROR-root      :Contact number is not correct
2019-05-02-main-ERROR-root      :Invalid dataPlease enter a correct contact number!!!
 Contact number should be of 10 digits and it should start from 6 onwards
2019-05-02-main-ERROR-root      :Domain is not correct
2019-05-02-main-ERROR-root      :Invalid dataPlease enter a correct domain name
Domain name should start with capital letter and it should be of 2-15 letters
2019-05-02-main-ERROR-root      :Location is not correct
2019-05-02-main-ERROR-root      :Invalid dataPlease enter a correct location name
Location name should start with capital letter and it should be minimum of 2-15 letters
2019-05-02-main-ERROR-root      :Location is not correct
2019-05-02-main-ERROR-root      :Invalid dataPlease enter a correct location name
Location name should start with capital letter and it should be minimum of 2-15 letters
2019-05-02-main-INFO -root      :Enquiry details inserted in table with id 1002
2019-05-02-main-ERROR-root      :Domain is not correct
2019-05-02-main-ERROR-root      :Invalid dataPlease enter a correct domain name
Domain name should start with capital letter and it should be of 2-15 letters
2019-05-02-main-ERROR-root      :First name is not correct
2019-05-02-main-ERROR-root      :Invalid dataPlease enter a correct first name
First name should start with capital letter and it should be of 3-15 letters
2019-05-02-main-INFO -root      :Enquiry details inserted in table with id 1003
2019-05-02-main-INFO -root      :Enquiry details inserted in table with id 1006
2019-05-02-main-INFO -root      :Invalid choice
2019-05-02-main-INFO -root      :Invalid choice
2019-05-02-main-INFO -root      :Enquiry details inserted in table with id 1010
2019-05-08-main-INFO -root      :Invalid choice
